\BOOKMARK [1][-]{section.1}{Questions}{}% 1
\BOOKMARK [2][-]{subsection.1.1}{1}{section.1}% 2
\BOOKMARK [2][-]{subsection.1.2}{2}{section.1}% 3
\BOOKMARK [2][-]{subsection.1.3}{3}{section.1}% 4
\BOOKMARK [2][-]{subsection.1.4}{4}{section.1}% 5
\BOOKMARK [2][-]{subsection.1.5}{5}{section.1}% 6
\BOOKMARK [2][-]{subsection.1.6}{6}{section.1}% 7
\BOOKMARK [2][-]{subsection.1.7}{7}{section.1}% 8
\BOOKMARK [2][-]{subsection.1.8}{8}{section.1}% 9
\BOOKMARK [2][-]{subsection.1.9}{9}{section.1}% 10
\BOOKMARK [2][-]{subsection.1.10}{10}{section.1}% 11
\BOOKMARK [1][-]{section.2}{Code and Architecture}{}% 12
\BOOKMARK [2][-]{subsection.2.1}{Code}{section.2}% 13
\BOOKMARK [2][-]{subsection.2.2}{Architecture}{section.2}% 14
\BOOKMARK [1][-]{section.3}{Training and Test}{}% 15
\BOOKMARK [1][-]{section.4}{Headings: first level}{}% 16
\BOOKMARK [2][-]{subsection.4.1}{Headings: second level}{section.4}% 17
\BOOKMARK [3][-]{subsubsection.4.1.1}{Headings: third level}{subsection.4.1}% 18
\BOOKMARK [1][-]{section.5}{Citations, figures, tables, references}{}% 19
\BOOKMARK [2][-]{subsection.5.1}{Citations within the text}{section.5}% 20
\BOOKMARK [2][-]{subsection.5.2}{Footnotes}{section.5}% 21
\BOOKMARK [2][-]{subsection.5.3}{Figures}{section.5}% 22
\BOOKMARK [2][-]{subsection.5.4}{Tables}{section.5}% 23
\BOOKMARK [1][-]{section.6}{Final instructions}{}% 24
\BOOKMARK [1][-]{section.7}{Preparing PDF files}{}% 25
\BOOKMARK [2][-]{subsection.7.1}{Margins in LaTeX}{section.7}% 26
